<?xml version="1.0" encoding="UTF-8"?>
<TestRun id="fd10066a-9ee3-43eb-b377-9b6bddc8b79f" name="Anonymous@ANONYMOUS-PC 2013-10-29 15:53:41" runUser="Anonymous-PC\Anonymous" xmlns="http://microsoft.com/schemas/VisualStudio/TeamTest/2010">
  <TestSettings name="Local" id="9b809212-ae85-4ec8-9f29-ef98244539d2">
    <Description>These are default test settings for a local test run.</Description>
    <Deployment enabled="false" runDeploymentRoot="Anonymous_ANONYMOUS-PC 2013-10-29 15_53_41">
      <DeploymentItem filename="C:\Users\Anonymous\documents\visual studio 2010\Projects\Apriori\Apriori\bin\Debug\Apriori.exe" />
    </Deployment>
    <Execution>
      <TestTypeSpecific />
      <AgentRule name="Execution Agents">
      </AgentRule>
    </Execution>
  </TestSettings>
  <Times creation="2013-10-29T15:53:41.6817703+06:00" queuing="2013-10-29T15:53:47.5021032+06:00" start="2013-10-29T15:53:47.9471286+06:00" finish="2013-10-29T15:54:03.0189907+06:00" />
  <ResultSummary outcome="Completed">
    <Counters total="1" executed="1" passed="1" error="0" failed="0" timeout="0" aborted="0" inconclusive="0" passedButRunAborted="0" notRunnable="0" notExecuted="0" disconnected="0" warning="0" completed="0" inProgress="0" pending="0" />
  </ResultSummary>
  <TestDefinitions>
    <UnitTest name="GenerateFrequentItemSetsTest" storage="c:\users\anonymous\documents\visual studio 2010\projects\apriori\apriori tests\bin\debug\apriori tests.dll" id="d867f151-a3af-82d7-5502-a1537ace4886">
      <Execution id="4d8e5e26-cc3b-402d-8d15-f1486200a1fa" />
      <TestMethod codeBase="C:/Users/Anonymous/Documents/Visual Studio 2010/Projects/Apriori/Apriori Tests/bin/Debug/Apriori Tests.DLL" adapterTypeName="Microsoft.VisualStudio.TestTools.TestTypes.Unit.UnitTestAdapter, Microsoft.VisualStudio.QualityTools.Tips.UnitTest.Adapter, Version=10.0.0.0, Culture=neutral, PublicKeyToken=b03f5f7f11d50a3a" className="Apriori_Tests.AprioriAlgorithmTest, Apriori Tests, Version=1.0.0.0, Culture=neutral, PublicKeyToken=null" name="GenerateFrequentItemSetsTest" />
    </UnitTest>
  </TestDefinitions>
  <TestLists>
    <TestList name="Results Not in a List" id="8c84fa94-04c1-424b-9868-57a2d4851a1d" />
    <TestList name="All Loaded Results" id="19431567-8539-422a-85d7-44ee4e166bda" />
  </TestLists>
  <TestEntries>
    <TestEntry testId="d867f151-a3af-82d7-5502-a1537ace4886" executionId="4d8e5e26-cc3b-402d-8d15-f1486200a1fa" testListId="8c84fa94-04c1-424b-9868-57a2d4851a1d" />
  </TestEntries>
  <Results>
    <UnitTestResult executionId="4d8e5e26-cc3b-402d-8d15-f1486200a1fa" testId="d867f151-a3af-82d7-5502-a1537ace4886" testName="GenerateFrequentItemSetsTest" computerName="ANONYMOUS-PC" duration="00:00:12.6461930" startTime="2013-10-29T15:53:48.2271447+06:00" endTime="2013-10-29T15:54:02.7519754+06:00" testType="13cdc9d9-ddb5-4fa4-a97d-d965ccfc6d4b" outcome="Passed" testListId="8c84fa94-04c1-424b-9868-57a2d4851a1d" relativeResultsDirectory="4d8e5e26-cc3b-402d-8d15-f1486200a1fa">
      <Output>
        <StdOut>generated 1-itemset total 13 itemsets
generated 2-itemset total 41 itemsets
generated 3-itemset total 56 itemsets
generated 4-itemset total 35 itemsets
generated 5-itemset total 8 itemsets
generated 6-itemset total 0 itemsets
Aggregated Result Written to D:\Data_Mining_Assignment\AprioriTests\Result\</StdOut>
      </Output>
    </UnitTestResult>
  </Results>
</TestRun>