<?xml version="1.0" encoding="UTF-8"?>
<TestRun id="58518705-b85d-4a1e-a2f5-be8b9bf15d55" name="Anonymous@ANONYMOUS-PC 2013-10-17 23:36:17" runUser="Anonymous-PC\Anonymous" xmlns="http://microsoft.com/schemas/VisualStudio/TeamTest/2010">
  <TestSettings name="Local" id="9b809212-ae85-4ec8-9f29-ef98244539d2">
    <Description>These are default test settings for a local test run.</Description>
    <Deployment enabled="false" runDeploymentRoot="Anonymous_ANONYMOUS-PC 2013-10-17 23_36_17">
      <DeploymentItem filename="C:\Users\Anonymous\Documents\Visual Studio 2010\Projects\Apriori\Apriori\bin\Debug\Apriori.exe" />
    </Deployment>
    <Execution>
      <TestTypeSpecific />
      <AgentRule name="Execution Agents">
      </AgentRule>
    </Execution>
  </TestSettings>
  <Times creation="2013-10-17T23:36:17.0930174+06:00" queuing="2013-10-17T23:36:18.9101213+06:00" start="2013-10-17T23:36:19.1941376+06:00" finish="2013-10-17T23:36:21.0702449+06:00" />
  <ResultSummary outcome="Completed">
    <Counters total="2" executed="2" passed="2" error="0" failed="0" timeout="0" aborted="0" inconclusive="0" passedButRunAborted="0" notRunnable="0" notExecuted="0" disconnected="0" warning="0" completed="0" inProgress="0" pending="0" />
  </ResultSummary>
  <TestDefinitions>
    <UnitTest name="GetFrequencyAllItemsTest" storage="c:\users\anonymous\documents\visual studio 2010\projects\apriori\apriori tests\bin\debug\apriori tests.dll" id="a33e6096-e31c-01b3-d777-a7290136d5a6">
      <Execution id="1ff3a9c1-f0cb-4c9e-af6a-92f4d25ea2e3" />
      <TestMethod codeBase="C:/Users/Anonymous/Documents/Visual Studio 2010/Projects/Apriori/Apriori Tests/bin/Debug/Apriori Tests.DLL" adapterTypeName="Microsoft.VisualStudio.TestTools.TestTypes.Unit.UnitTestAdapter, Microsoft.VisualStudio.QualityTools.Tips.UnitTest.Adapter, Version=10.0.0.0, Culture=neutral, PublicKeyToken=b03f5f7f11d50a3a" className="Apriori_Tests.FileDatabaseHelperTest, Apriori Tests, Version=1.0.0.0, Culture=neutral, PublicKeyToken=null" name="GetFrequencyAllItemsTest" />
    </UnitTest>
    <UnitTest name="GetFrequencyTest" storage="c:\users\anonymous\documents\visual studio 2010\projects\apriori\apriori tests\bin\debug\apriori tests.dll" id="adcec1bd-e553-9326-458b-7d84285bfc8e">
      <Execution id="d8f2a618-1264-4600-b42f-7d347b2d5517" />
      <TestMethod codeBase="C:/Users/Anonymous/Documents/Visual Studio 2010/Projects/Apriori/Apriori Tests/bin/Debug/Apriori Tests.DLL" adapterTypeName="Microsoft.VisualStudio.TestTools.TestTypes.Unit.UnitTestAdapter, Microsoft.VisualStudio.QualityTools.Tips.UnitTest.Adapter, Version=10.0.0.0, Culture=neutral, PublicKeyToken=b03f5f7f11d50a3a" className="Apriori_Tests.FileDatabaseHelperTest, Apriori Tests, Version=1.0.0.0, Culture=neutral, PublicKeyToken=null" name="GetFrequencyTest" />
    </UnitTest>
  </TestDefinitions>
  <TestLists>
    <TestList name="Results Not in a List" id="8c84fa94-04c1-424b-9868-57a2d4851a1d" />
    <TestList name="All Loaded Results" id="19431567-8539-422a-85d7-44ee4e166bda" />
  </TestLists>
  <TestEntries>
    <TestEntry testId="a33e6096-e31c-01b3-d777-a7290136d5a6" executionId="1ff3a9c1-f0cb-4c9e-af6a-92f4d25ea2e3" testListId="8c84fa94-04c1-424b-9868-57a2d4851a1d" />
    <TestEntry testId="adcec1bd-e553-9326-458b-7d84285bfc8e" executionId="d8f2a618-1264-4600-b42f-7d347b2d5517" testListId="8c84fa94-04c1-424b-9868-57a2d4851a1d" />
  </TestEntries>
  <Results>
    <UnitTestResult executionId="1ff3a9c1-f0cb-4c9e-af6a-92f4d25ea2e3" testId="a33e6096-e31c-01b3-d777-a7290136d5a6" testName="GetFrequencyAllItemsTest" computerName="ANONYMOUS-PC" duration="00:00:00.1121961" startTime="2013-10-17T23:36:19.3521466+06:00" endTime="2013-10-17T23:36:20.8012295+06:00" testType="13cdc9d9-ddb5-4fa4-a97d-d965ccfc6d4b" outcome="Passed" testListId="8c84fa94-04c1-424b-9868-57a2d4851a1d" relativeResultsDirectory="1ff3a9c1-f0cb-4c9e-af6a-92f4d25ea2e3">
    </UnitTestResult>
    <UnitTestResult executionId="d8f2a618-1264-4600-b42f-7d347b2d5517" testId="adcec1bd-e553-9326-458b-7d84285bfc8e" testName="GetFrequencyTest" computerName="ANONYMOUS-PC" duration="00:00:00.0484258" startTime="2013-10-17T23:36:20.8542325+06:00" endTime="2013-10-17T23:36:20.9272367+06:00" testType="13cdc9d9-ddb5-4fa4-a97d-d965ccfc6d4b" outcome="Passed" testListId="8c84fa94-04c1-424b-9868-57a2d4851a1d" relativeResultsDirectory="d8f2a618-1264-4600-b42f-7d347b2d5517">
    </UnitTestResult>
  </Results>
</TestRun>