<?xml version="1.0" encoding="UTF-8"?>
<TestRun id="cd43cbcf-9b6b-4182-8a7f-c133d22437dd" name="Anonymous@ANONYMOUS-PC 2013-10-17 23:36:53" runUser="Anonymous-PC\Anonymous" xmlns="http://microsoft.com/schemas/VisualStudio/TeamTest/2010">
  <TestSettings name="Local" id="9b809212-ae85-4ec8-9f29-ef98244539d2">
    <Description>These are default test settings for a local test run.</Description>
    <Deployment enabled="false" runDeploymentRoot="Anonymous_ANONYMOUS-PC 2013-10-17 23_36_53">
      <DeploymentItem filename="C:\Users\Anonymous\Documents\Visual Studio 2010\Projects\Apriori\Apriori\bin\Debug\Apriori.exe" />
    </Deployment>
    <Execution>
      <TestTypeSpecific />
      <AgentRule name="Execution Agents">
      </AgentRule>
    </Execution>
  </TestSettings>
  <Times creation="2013-10-17T23:36:53.2290842+06:00" queuing="2013-10-17T23:36:55.0141864+06:00" start="2013-10-17T23:36:55.2361991+06:00" finish="2013-10-17T23:36:57.1733098+06:00" />
  <ResultSummary outcome="Completed">
    <Counters total="2" executed="2" passed="2" error="0" failed="0" timeout="0" aborted="0" inconclusive="0" passedButRunAborted="0" notRunnable="0" notExecuted="0" disconnected="0" warning="0" completed="0" inProgress="0" pending="0" />
  </ResultSummary>
  <TestDefinitions>
    <UnitTest name="GetFrequencyAllItemsTest" storage="c:\users\anonymous\documents\visual studio 2010\projects\apriori\apriori tests\bin\debug\apriori tests.dll" id="a33e6096-e31c-01b3-d777-a7290136d5a6">
      <Execution id="c0ab041b-589c-4077-a9b1-4b4606481128" />
      <TestMethod codeBase="C:/Users/Anonymous/Documents/Visual Studio 2010/Projects/Apriori/Apriori Tests/bin/Debug/Apriori Tests.DLL" adapterTypeName="Microsoft.VisualStudio.TestTools.TestTypes.Unit.UnitTestAdapter, Microsoft.VisualStudio.QualityTools.Tips.UnitTest.Adapter, Version=10.0.0.0, Culture=neutral, PublicKeyToken=b03f5f7f11d50a3a" className="Apriori_Tests.FileDatabaseHelperTest, Apriori Tests, Version=1.0.0.0, Culture=neutral, PublicKeyToken=null" name="GetFrequencyAllItemsTest" />
    </UnitTest>
    <UnitTest name="GetFrequencyTest" storage="c:\users\anonymous\documents\visual studio 2010\projects\apriori\apriori tests\bin\debug\apriori tests.dll" id="adcec1bd-e553-9326-458b-7d84285bfc8e">
      <Execution id="30be2f22-a9a9-44a0-9d54-1d66a3825129" />
      <TestMethod codeBase="C:/Users/Anonymous/Documents/Visual Studio 2010/Projects/Apriori/Apriori Tests/bin/Debug/Apriori Tests.DLL" adapterTypeName="Microsoft.VisualStudio.TestTools.TestTypes.Unit.UnitTestAdapter, Microsoft.VisualStudio.QualityTools.Tips.UnitTest.Adapter, Version=10.0.0.0, Culture=neutral, PublicKeyToken=b03f5f7f11d50a3a" className="Apriori_Tests.FileDatabaseHelperTest, Apriori Tests, Version=1.0.0.0, Culture=neutral, PublicKeyToken=null" name="GetFrequencyTest" />
    </UnitTest>
  </TestDefinitions>
  <TestLists>
    <TestList name="Results Not in a List" id="8c84fa94-04c1-424b-9868-57a2d4851a1d" />
    <TestList name="All Loaded Results" id="19431567-8539-422a-85d7-44ee4e166bda" />
  </TestLists>
  <TestEntries>
    <TestEntry testId="a33e6096-e31c-01b3-d777-a7290136d5a6" executionId="c0ab041b-589c-4077-a9b1-4b4606481128" testListId="8c84fa94-04c1-424b-9868-57a2d4851a1d" />
    <TestEntry testId="adcec1bd-e553-9326-458b-7d84285bfc8e" executionId="30be2f22-a9a9-44a0-9d54-1d66a3825129" testListId="8c84fa94-04c1-424b-9868-57a2d4851a1d" />
  </TestEntries>
  <Results>
    <UnitTestResult executionId="c0ab041b-589c-4077-a9b1-4b4606481128" testId="a33e6096-e31c-01b3-d777-a7290136d5a6" testName="GetFrequencyAllItemsTest" computerName="ANONYMOUS-PC" duration="00:00:00.1125368" startTime="2013-10-17T23:36:55.3802073+06:00" endTime="2013-10-17T23:36:56.9272958+06:00" testType="13cdc9d9-ddb5-4fa4-a97d-d965ccfc6d4b" outcome="Passed" testListId="8c84fa94-04c1-424b-9868-57a2d4851a1d" relativeResultsDirectory="c0ab041b-589c-4077-a9b1-4b4606481128">
    </UnitTestResult>
    <UnitTestResult executionId="30be2f22-a9a9-44a0-9d54-1d66a3825129" testId="adcec1bd-e553-9326-458b-7d84285bfc8e" testName="GetFrequencyTest" computerName="ANONYMOUS-PC" duration="00:00:00.0476105" startTime="2013-10-17T23:36:56.9502971+06:00" endTime="2013-10-17T23:36:57.0273015+06:00" testType="13cdc9d9-ddb5-4fa4-a97d-d965ccfc6d4b" outcome="Passed" testListId="8c84fa94-04c1-424b-9868-57a2d4851a1d" relativeResultsDirectory="30be2f22-a9a9-44a0-9d54-1d66a3825129">
    </UnitTestResult>
  </Results>
</TestRun>